<?xml version="1.0" encoding="UTF-8"?>
<!-- Generated by org.testng.reporters.JUnitReportReporter -->
<testsuite hostname="Hp" failures="0" tests="1" name="com.inetBanking.TestCases.NewAccountTC" time="14.215" errors="0" timestamp="2022-03-31T17:57:21 IST" skipped="0">
  <testcase classname="com.inetBanking.TestCases.NewAccountTC" name="createNewBankAccount" time="14.215"/>
  <system-out/>
</testsuite> <!-- com.inetBanking.TestCases.NewAccountTC -->
