<?xml version="1.0" encoding="UTF-8"?>
<!-- Generated by org.testng.reporters.JUnitReportReporter -->
<testsuite hostname="Hp" failures="0" tests="1" name="com.inetBanking.TestCases.LogoutTC" time="10.393" errors="0" timestamp="2022-03-31T17:57:21 IST" skipped="0">
  <testcase classname="com.inetBanking.TestCases.LogoutTC" name="executeLogout" time="10.393"/>
  <system-out/>
</testsuite> <!-- com.inetBanking.TestCases.LogoutTC -->
