<?xml version="1.0" encoding="UTF-8"?>
<!-- Generated by org.testng.reporters.JUnitReportReporter -->
<testsuite hostname="Hp" failures="0" tests="1" name="com.inetBanking.TestCases.SmokeTestingTestCasesSuite" time="4.692" errors="0" timestamp="2022-03-31T17:33:35 IST" skipped="0">
  <testcase classname="com.inetBanking.TestCases.SmokeTestingTestCasesSuite" name="executeLogin" time="4.692"/>
  <system-out/>
</testsuite> <!-- com.inetBanking.TestCases.SmokeTestingTestCasesSuite -->
